<?xml version="1.0" encoding="UTF-8"?>
<testsuite name="com.suprtek.regressiontracker.RegressionTrackerControllerTest" tests="5" skipped="0" failures="0" errors="0" timestamp="2018-07-30T11:52:06" hostname="SUPRTEK-0013" time="0.88">
  <properties/>
  <testcase name="addTest" classname="com.suprtek.regressiontracker.RegressionTrackerControllerTest" time="0.705"/>
  <testcase name="deleteIDTest" classname="com.suprtek.regressiontracker.RegressionTrackerControllerTest" time="0.024"/>
  <testcase name="getByIDTest" classname="com.suprtek.regressiontracker.RegressionTrackerControllerTest" time="0.024"/>
  <testcase name="getAllTest" classname="com.suprtek.regressiontracker.RegressionTrackerControllerTest" time="0.088"/>
  <testcase name="modifyTest" classname="com.suprtek.regressiontracker.RegressionTrackerControllerTest" time="0.023"/>
  <system-out><![CDATA[06:52:00.263 [Test worker] DEBUG org.springframework.test.context.junit4.SpringJUnit4ClassRunner - SpringJUnit4ClassRunner constructor called with [class com.suprtek.regressiontracker.RegressionTrackerControllerTest]
06:52:00.281 [Test worker] DEBUG org.springframework.test.context.BootstrapUtils - Instantiating CacheAwareContextLoaderDelegate from class [org.springframework.test.context.cache.DefaultCacheAwareContextLoaderDelegate]
06:52:00.327 [Test worker] DEBUG org.springframework.test.context.BootstrapUtils - Instantiating BootstrapContext using constructor [public org.springframework.test.context.support.DefaultBootstrapContext(java.lang.Class,org.springframework.test.context.CacheAwareContextLoaderDelegate)]
06:52:00.355 [Test worker] DEBUG org.springframework.test.context.BootstrapUtils - Instantiating TestContextBootstrapper for test class [com.suprtek.regressiontracker.RegressionTrackerControllerTest] from class [org.springframework.boot.test.context.SpringBootTestContextBootstrapper]
06:52:00.390 [Test worker] INFO org.springframework.boot.test.context.SpringBootTestContextBootstrapper - Neither @ContextConfiguration nor @ContextHierarchy found for test class [com.suprtek.regressiontracker.RegressionTrackerControllerTest], using SpringBootContextLoader
06:52:00.395 [Test worker] DEBUG org.springframework.test.context.support.AbstractContextLoader - Did not detect default resource location for test class [com.suprtek.regressiontracker.RegressionTrackerControllerTest]: class path resource [com/suprtek/regressiontracker/RegressionTrackerControllerTest-context.xml] does not exist
06:52:00.396 [Test worker] DEBUG org.springframework.test.context.support.AbstractContextLoader - Did not detect default resource location for test class [com.suprtek.regressiontracker.RegressionTrackerControllerTest]: class path resource [com/suprtek/regressiontracker/RegressionTrackerControllerTestContext.groovy] does not exist
06:52:00.396 [Test worker] INFO org.springframework.test.context.support.AbstractContextLoader - Could not detect default resource locations for test class [com.suprtek.regressiontracker.RegressionTrackerControllerTest]: no resource found for suffixes {-context.xml, Context.groovy}.
06:52:00.472 [Test worker] DEBUG org.springframework.test.context.support.ActiveProfilesUtils - Could not find an 'annotation declaring class' for annotation type [org.springframework.test.context.ActiveProfiles] and class [com.suprtek.regressiontracker.RegressionTrackerControllerTest]
06:52:00.720 [Test worker] DEBUG org.springframework.boot.test.context.SpringBootTestContextBootstrapper - @TestExecutionListeners is not present for class [com.suprtek.regressiontracker.RegressionTrackerControllerTest]: using defaults.
06:52:00.721 [Test worker] INFO org.springframework.boot.test.context.SpringBootTestContextBootstrapper - Loaded default TestExecutionListener class names from location [META-INF/spring.factories]: [org.springframework.boot.test.autoconfigure.restdocs.RestDocsTestExecutionListener, org.springframework.boot.test.autoconfigure.web.client.MockRestServiceServerResetTestExecutionListener, org.springframework.boot.test.autoconfigure.web.servlet.MockMvcPrintOnlyOnFailureTestExecutionListener, org.springframework.boot.test.autoconfigure.web.servlet.WebDriverTestExecutionListener, org.springframework.boot.test.mock.mockito.MockitoTestExecutionListener, org.springframework.boot.test.mock.mockito.ResetMocksTestExecutionListener, org.springframework.test.context.web.ServletTestExecutionListener, org.springframework.test.context.support.DirtiesContextBeforeModesTestExecutionListener, org.springframework.test.context.support.DependencyInjectionTestExecutionListener, org.springframework.test.context.support.DirtiesContextTestExecutionListener, org.springframework.test.context.transaction.TransactionalTestExecutionListener, org.springframework.test.context.jdbc.SqlScriptsTestExecutionListener]
06:52:00.760 [Test worker] INFO org.springframework.boot.test.context.SpringBootTestContextBootstrapper - Using TestExecutionListeners: [org.springframework.test.context.web.ServletTestExecutionListener@5c065f76, org.springframework.test.context.support.DirtiesContextBeforeModesTestExecutionListener@664cc6f9, org.springframework.boot.test.mock.mockito.MockitoTestExecutionListener@39c0849c, org.springframework.boot.test.autoconfigure.SpringBootDependencyInjectionTestExecutionListener@2efa292c, org.springframework.test.context.support.DirtiesContextTestExecutionListener@40e92e6a, org.springframework.test.context.transaction.TransactionalTestExecutionListener@40125380, org.springframework.test.context.jdbc.SqlScriptsTestExecutionListener@7d4bcb7a, org.springframework.boot.test.autoconfigure.restdocs.RestDocsTestExecutionListener@2873eb6, org.springframework.boot.test.autoconfigure.web.client.MockRestServiceServerResetTestExecutionListener@b14daf2, org.springframework.boot.test.autoconfigure.web.servlet.MockMvcPrintOnlyOnFailureTestExecutionListener@59c80643, org.springframework.boot.test.autoconfigure.web.servlet.WebDriverTestExecutionListener@7afb061b, org.springframework.boot.test.mock.mockito.ResetMocksTestExecutionListener@41b2f57c]
06:52:00.764 [Test worker] DEBUG org.springframework.test.annotation.ProfileValueUtils - Retrieved @ProfileValueSourceConfiguration [null] for test class [com.suprtek.regressiontracker.RegressionTrackerControllerTest]
06:52:00.764 [Test worker] DEBUG org.springframework.test.annotation.ProfileValueUtils - Retrieved ProfileValueSource type [class org.springframework.test.annotation.SystemProfileValueSource] for class [com.suprtek.regressiontracker.RegressionTrackerControllerTest]
06:52:00.766 [Test worker] DEBUG org.springframework.test.annotation.ProfileValueUtils - Retrieved @ProfileValueSourceConfiguration [null] for test class [com.suprtek.regressiontracker.RegressionTrackerControllerTest]
06:52:00.767 [Test worker] DEBUG org.springframework.test.annotation.ProfileValueUtils - Retrieved ProfileValueSource type [class org.springframework.test.annotation.SystemProfileValueSource] for class [com.suprtek.regressiontracker.RegressionTrackerControllerTest]
06:52:00.774 [Test worker] DEBUG org.springframework.test.context.support.AbstractDirtiesContextTestExecutionListener - Before test class: context [DefaultTestContext@1f49d0fa testClass = RegressionTrackerControllerTest, testInstance = [null], testMethod = [null], testException = [null], mergedContextConfiguration = [WebMergedContextConfiguration@75164fb4 testClass = RegressionTrackerControllerTest, locations = '{}', classes = '{class com.suprtek.regressiontracker.Application, class com.suprtek.regressiontracker.Application}', contextInitializerClasses = '[]', activeProfiles = '{}', propertySourceLocations = '{}', propertySourceProperties = '{org.springframework.boot.test.context.SpringBootTestContextBootstrapper=true}', contextCustomizers = set[org.springframework.boot.test.autoconfigure.properties.PropertyMappingContextCustomizer@0, org.springframework.boot.test.autoconfigure.web.servlet.WebDriverContextCustomizerFactory$Customizer@7e27ab24, org.springframework.boot.test.context.filter.ExcludeFilterContextCustomizer@1b1d4843, org.springframework.boot.test.json.DuplicateJsonObjectContextCustomizerFactory$DuplicateJsonObjectContextCustomizer@70835e5b, org.springframework.boot.test.mock.mockito.MockitoContextCustomizer@0, org.springframework.boot.test.web.client.TestRestTemplateContextCustomizer@1b8c239b, org.springframework.test.context.web.socket.MockServerContainerContextCustomizer@425d2da8], resourceBasePath = 'src/main/webapp', contextLoader = 'org.springframework.boot.test.context.SpringBootContextLoader', parent = [null]], attributes = map['org.springframework.test.context.web.ServletTestExecutionListener.activateListener' -> true]], class annotated with @DirtiesContext [false] with mode [null].
06:52:00.775 [Test worker] DEBUG org.springframework.test.annotation.ProfileValueUtils - Retrieved @ProfileValueSourceConfiguration [null] for test class [com.suprtek.regressiontracker.RegressionTrackerControllerTest]
06:52:00.775 [Test worker] DEBUG org.springframework.test.annotation.ProfileValueUtils - Retrieved ProfileValueSource type [class org.springframework.test.annotation.SystemProfileValueSource] for class [com.suprtek.regressiontracker.RegressionTrackerControllerTest]
06:52:00.816 [Test worker] DEBUG org.springframework.core.env.StandardEnvironment - Adding PropertySource 'systemProperties' with lowest search precedence
06:52:00.816 [Test worker] DEBUG org.springframework.core.env.StandardEnvironment - Adding PropertySource 'systemEnvironment' with lowest search precedence
06:52:00.816 [Test worker] DEBUG org.springframework.core.env.StandardEnvironment - Initialized StandardEnvironment with PropertySources [MapPropertySource@1005421376 {name='systemProperties', properties={java.runtime.name=Java(TM) SE Runtime Environment, sun.boot.library.path=C:\Program Files\Java\jdk1.8.0_65\jre\bin, java.vm.version=25.65-b01, java.vm.vendor=Oracle Corporation, java.vendor.url=http://java.oracle.com/, path.separator=;, java.vm.name=Java HotSpot(TM) 64-Bit Server VM, file.encoding.pkg=sun.io, user.script=, sun.java.launcher=SUN_STANDARD, user.country=US, sun.os.patch.level=, java.vm.specification.name=Java Virtual Machine Specification, user.dir=C:\Users\pnorthcutt\development\MicroService\RegressionTracker, java.runtime.version=1.8.0_65-b17, java.awt.graphicsenv=sun.awt.Win32GraphicsEnvironment, java.endorsed.dirs=C:\Program Files\Java\jdk1.8.0_65\jre\lib\endorsed, os.arch=amd64, java.io.tmpdir=C:\Users\PNORTH~1\AppData\Local\Temp\, line.separator=
, java.vm.specification.vendor=Oracle Corporation, user.variant=, os.name=Windows 10, sun.jnu.encoding=Cp1252, java.library.path=C:\Program Files\Java\jdk1.8.0_65\bin;C:\WINDOWS\Sun\Java\bin;C:\WINDOWS\system32;C:\WINDOWS;C:\Program Files\Docker\Docker\Resources\bin;C:\WINDOWS\system32;C:\WINDOWS;C:\WINDOWS\System32\Wbem;C:\WINDOWS\System32\WindowsPowerShell\v1.0\;C:\Ruby22-x64/bin;C:\Program Files\Java\jdk1.8.0_65\bin;C:\tomcat\apache-tomcat-9.0.0.M1\bin;C:\Maven\apache-maven-3.3.9-bin\apache-maven-3.3.9\bin;C:\gradle-4.9\bin;C:\Jetty\jetty-9.3.2.v20150730\jetty-util\src\main\java\org\eclipse\jetty\util\security;C:\Program Files\Symantec.cloud\PlatformAgent\;C:\WINDOWS\System32\OpenSSH\;C:\Program Files (x86)\nodejs\;C:\Program Files\MongoDB\Server\4.0\bin;C:\Users\pnorthcutt\AppData\Local\Microsoft\WindowsApps;C:\Users\pnorthcutt\AppData\Roaming\npm;C:\Users\pnorthcutt\AppData\Local\atom\bin;., java.specification.name=Java Platform API Specification, java.class.version=52.0, org.gradle.native=false, sun.management.compiler=HotSpot 64-Bit Tiered Compilers, os.version=10.0, user.home=C:\Users\pnorthcutt, user.timezone=America/Chicago, java.awt.printerjob=sun.awt.windows.WPrinterJob, file.encoding=windows-1252, java.specification.version=1.8, java.class.path=C:\Users\pnorthcutt\development\MicroService\RegressionTracker\build\classes\java\test;C:\Users\pnorthcutt\development\MicroService\RegressionTracker\build\resources\test;C:\Users\pnorthcutt\development\MicroService\RegressionTracker\build\classes\java\main;C:\Users\pnorthcutt\development\MicroService\RegressionTracker\build\resources\main;C:\Users\pnorthcutt\.gradle\caches\modules-2\files-2.1\org.springframework.boot\spring-boot-starter-web\2.0.3.RELEASE\41fd4180bea3813de8f3c602b5a126218360315b\spring-boot-starter-web-2.0.3.RELEASE.jar;C:\Users\pnorthcutt\.gradle\caches\modules-2\files-2.1\org.springframework.boot\spring-boot-starter-jetty\2.0.3.RELEASE\c2abc1384f7e232252083ddc3701175696ba5a5b\spring-boot-starter-jetty-2.0.3.RELEASE.jar;C:\Users\pnorthcutt\.gradle\caches\modules-2\files-2.1\org.springframework.data\spring-data-mongodb\2.0.9.RELEASE\912fd8ceb8fd57c3ad0ee9db8929201862ac51bb\spring-data-mongodb-2.0.9.RELEASE.jar;C:\Users\pnorthcutt\.gradle\caches\modules-2\files-2.1\org.springframework.boot\spring-boot-starter-test\2.0.3.RELEASE\1c624b1cc217bac010abce7a28df8169af4a7fa0\spring-boot-starter-test-2.0.3.RELEASE.jar;C:\Users\pnorthcutt\.gradle\caches\modules-2\files-2.1\junit\junit\4.12\2973d150c0dc1fefe998f834810d68f278ea58ec\junit-4.12.jar;C:\Users\pnorthcutt\.gradle\caches\modules-2\files-2.1\org.springframework.boot\spring-boot-starter-json\2.0.3.RELEASE\2e389a8727588c549c28bb277f0f573f65554850\spring-boot-starter-json-2.0.3.RELEASE.jar;C:\Users\pnorthcutt\.gradle\caches\modules-2\files-2.1\org.springframework.boot\spring-boot-starter\2.0.3.RELEASE\ffaa050dbd36b0441645598f1a7ddaf67fd5e678\spring-boot-starter-2.0.3.RELEASE.jar;C:\Users\pnorthcutt\.gradle\caches\modules-2\files-2.1\org.hibernate.validator\hibernate-validator\6.0.10.Final\4236051a8d209c00f85e70918d5e26d9f3e5201e\hibernate-validator-6.0.10.Final.jar;C:\Users\pnorthcutt\.gradle\caches\modules-2\files-2.1\org.springframework\spring-webmvc\5.0.7.RELEASE\751c871527ec7ff335ffc76f2e737e297c0a8d30\spring-webmvc-5.0.7.RELEASE.jar;C:\Users\pnorthcutt\.gradle\caches\modules-2\files-2.1\org.springframework\spring-web\5.0.7.RELEASE\2e04c6c2922fbfa06b5948be14a5782db168b6ec\spring-web-5.0.7.RELEASE.jar;C:\Users\pnorthcutt\.gradle\caches\modules-2\files-2.1\org.eclipse.jetty\jetty-servlets\9.4.11.v20180605\8301f94a8b8e4a8ed7c065984b18c02c4206b920\jetty-servlets-9.4.11.v20180605.jar;C:\Users\pnorthcutt\.gradle\caches\modules-2\files-2.1\org.eclipse.jetty.websocket\javax-websocket-server-impl\9.4.11.v20180605\6cb628345afc828327a5b8f37ca7201eea7d122b\javax-websocket-server-impl-9.4.11.v20180605.jar;C:\Users\pnorthcutt\.gradle\caches\modules-2\files-2.1\org.eclipse.jetty\jetty-annotations\9.4.11.v20180605\b9e63ab4b9733b11a19299474f49be14b6266f3f\jetty-annotations-9.4.11.v20180605.jar;C:\Users\pnorthcutt\.gradle\caches\modules-2\files-2.1\org.eclipse.jetty\jetty-plus\9.4.11.v20180605\596ca6f4cbb436516f4de2662721dbe5b41ffd21\jetty-plus-9.4.11.v20180605.jar;C:\Users\pnorthcutt\.gradle\caches\modules-2\files-2.1\org.eclipse.jetty\jetty-webapp\9.4.11.v20180605\5ce28eff8338cab2a0af0e583c769567542b9558\jetty-webapp-9.4.11.v20180605.jar;C:\Users\pnorthcutt\.gradle\caches\modules-2\files-2.1\org.eclipse.jetty.websocket\websocket-server\9.4.11.v20180605\9d6f76d4dbbcb52eae9d2ab940d3ec6b56e1d568\websocket-server-9.4.11.v20180605.jar;C:\Users\pnorthcutt\.gradle\caches\modules-2\files-2.1\org.mortbay.jasper\apache-el\8.5.24.2\cd26aaf6c7ee59af58f0e8c12bfda318bf474c49\apache-el-8.5.24.2.jar;C:\Users\pnorthcutt\.gradle\caches\modules-2\files-2.1\org.springframework\spring-tx\5.0.7.RELEASE\4ca59b21c61162adb146ad1b40c30b60d8dc42b8\spring-tx-5.0.7.RELEASE.jar;C:\Users\pnorthcutt\.gradle\caches\modules-2\files-2.1\org.springframework.boot\spring-boot-test-autoconfigure\2.0.3.RELEASE\54e7d2167f2b926bf16a0ef8b91b6bfbd43826e7\spring-boot-test-autoconfigure-2.0.3.RELEASE.jar;C:\Users\pnorthcutt\.gradle\caches\modules-2\files-2.1\org.springframework.boot\spring-boot-test\2.0.3.RELEASE\5c9b4bb6cfce9ef6e53a0ff5fc4a7ff2867871d8\spring-boot-test-2.0.3.RELEASE.jar;C:\Users\pnorthcutt\.gradle\caches\modules-2\files-2.1\org.springframework.boot\spring-boot-autoconfigure\2.0.3.RELEASE\11bc4cc96b08fabad2b3186755818fa0b32d83f\spring-boot-autoconfigure-2.0.3.RELEASE.jar;C:\Users\pnorthcutt\.gradle\caches\modules-2\files-2.1\org.springframework.boot\spring-boot\2.0.3.RELEASE\b874870d915adbc3dd932e19077d3d45c8e54aa0\spring-boot-2.0.3.RELEASE.jar;C:\Users\pnorthcutt\.gradle\caches\modules-2\files-2.1\org.springframework\spring-context\5.0.7.RELEASE\243a23f8968de8754d8199d669780d683ab177bd\spring-context-5.0.7.RELEASE.jar;C:\Users\pnorthcutt\.gradle\caches\modules-2\files-2.1\org.springframework.data\spring-data-commons\2.0.8.RELEASE\5c19af63b5acb0eab39066684e813d5ecd9d03b7\spring-data-commons-2.0.8.RELEASE.jar;C:\Users\pnorthcutt\.gradle\caches\modules-2\files-2.1\org.springframework\spring-aop\5.0.7.RELEASE\fdd0b6aa3c9c7a188c3bfbf6dfd8d40e843be9ef\spring-aop-5.0.7.RELEASE.jar;C:\Users\pnorthcutt\.gradle\caches\modules-2\files-2.1\org.springframework\spring-beans\5.0.7.RELEASE\c1196cb3e56da83e3c3a02ef323699f4b05feedc\spring-beans-5.0.7.RELEASE.jar;C:\Users\pnorthcutt\.gradle\caches\modules-2\files-2.1\org.springframework\spring-expression\5.0.7.RELEASE\ca01fb473f53dd0ee3c85663b26d5dc325602057\spring-expression-5.0.7.RELEASE.jar;C:\Users\pnorthcutt\.gradle\caches\modules-2\files-2.1\org.springframework\spring-test\5.0.7.RELEASE\bcb7505a316ea34b7e9a7ae5d4921be5b475c02d\spring-test-5.0.7.RELEASE.jar;C:\Users\pnorthcutt\.gradle\caches\modules-2\files-2.1\org.springframework\spring-core\5.0.7.RELEASE\54b731178d81e66eca9623df772ff32718208137\spring-core-5.0.7.RELEASE.jar;C:\Users\pnorthcutt\.gradle\caches\modules-2\files-2.1\org.mongodb\mongo-java-driver\3.6.4\7c3c8ddcaeb039a50b80bcee78a0e93921cda866\mongo-java-driver-3.6.4.jar;C:\Users\pnorthcutt\.gradle\caches\modules-2\files-2.1\com.jayway.jsonpath\json-path\2.4.0\765a4401ceb2dc8d40553c2075eb80a8fa35c2ae\json-path-2.4.0.jar;C:\Users\pnorthcutt\.gradle\caches\modules-2\files-2.1\org.springframework.boot\spring-boot-starter-logging\2.0.3.RELEASE\7caad34f01d2688919e15e09a90467963e3d5190\spring-boot-starter-logging-2.0.3.RELEASE.jar;C:\Users\pnorthcutt\.gradle\caches\modules-2\files-2.1\ch.qos.logback\logback-classic\1.2.3\7c4f3c474fb2c041d8028740440937705ebb473a\logback-classic-1.2.3.jar;C:\Users\pnorthcutt\.gradle\caches\modules-2\files-2.1\org.apache.logging.log4j\log4j-to-slf4j\2.10.0\f7e631ccf49cfc0aefa4a2a728da7d374c05bd3c\log4j-to-slf4j-2.10.0.jar;C:\Users\pnorthcutt\.gradle\caches\modules-2\files-2.1\org.slf4j\jul-to-slf4j\1.7.25\af5364cd6679bfffb114f0dec8a157aaa283b76\jul-to-slf4j-1.7.25.jar;C:\Users\pnorthcutt\.gradle\caches\modules-2\files-2.1\org.slf4j\slf4j-api\1.7.25\da76ca59f6a57ee3102f8f9bd9cee742973efa8a\slf4j-api-1.7.25.jar;C:\Users\pnorthcutt\.gradle\caches\modules-2\files-2.1\org.assertj\assertj-core\3.9.1\c5ce126b15f28d56cd8f960c1a6a058b9c9aea87\assertj-core-3.9.1.jar;C:\Users\pnorthcutt\.gradle\caches\modules-2\files-2.1\org.mockito\mockito-core\2.15.0\b84bfbbc29cd22c9529409627af6ea2897f4fa85\mockito-core-2.15.0.jar;C:\Users\pnorthcutt\.gradle\caches\modules-2\files-2.1\org.hamcrest\hamcrest-library\1.3\4785a3c21320980282f9f33d0d1264a69040538f\hamcrest-library-1.3.jar;C:\Users\pnorthcutt\.gradle\caches\modules-2\files-2.1\org.hamcrest\hamcrest-core\1.3\42a25dc3219429f0e5d060061f71acb49bf010a0\hamcrest-core-1.3.jar;C:\Users\pnorthcutt\.gradle\caches\modules-2\files-2.1\org.skyscreamer\jsonassert\1.5.0\6c9d5fe2f59da598d9aefc1cfc6528ff3cf32df3\jsonassert-1.5.0.jar;C:\Users\pnorthcutt\.gradle\caches\modules-2\files-2.1\org.xmlunit\xmlunit-core\2.5.1\4ffdb346572a7356f7521cd3119ce5287d2e339d\xmlunit-core-2.5.1.jar;C:\Users\pnorthcutt\.gradle\caches\modules-2\files-2.1\javax.annotation\javax.annotation-api\1.3.2\934c04d3cfef185a8008e7bf34331b79730a9d43\javax.annotation-api-1.3.2.jar;C:\Users\pnorthcutt\.gradle\caches\modules-2\files-2.1\org.yaml\snakeyaml\1.19\2d998d3d674b172a588e54ab619854d073f555b5\snakeyaml-1.19.jar;C:\Users\pnorthcutt\.gradle\caches\modules-2\files-2.1\com.fasterxml.jackson.datatype\jackson-datatype-jdk8\2.9.6\456895fc91bf7180b216fead220373e6278230c9\jackson-datatype-jdk8-2.9.6.jar;C:\Users\pnorthcutt\.gradle\caches\modules-2\files-2.1\com.fasterxml.jackson.datatype\jackson-datatype-jsr310\2.9.6\ea54f6193d224e5e5732bbd4262327eb465397c2\jackson-datatype-jsr310-2.9.6.jar;C:\Users\pnorthcutt\.gradle\caches\modules-2\files-2.1\com.fasterxml.jackson.module\jackson-module-parameter-names\2.9.6\129acd77a4b6ee30d62d3a0899b1344c8ec2bff8\jackson-module-parameter-names-2.9.6.jar;C:\Users\pnorthcutt\.gradle\caches\modules-2\files-2.1\com.fasterxml.jackson.core\jackson-databind\2.9.6\cfa4f316351a91bfd95cb0644c6a2c95f52db1fc\jackson-databind-2.9.6.jar;C:\Users\pnorthcutt\.gradle\caches\modules-2\files-2.1\javax.validation\validation-api\2.0.1.Final\cb855558e6271b1b32e716d24cb85c7f583ce09e\validation-api-2.0.1.Final.jar;C:\Users\pnorthcutt\.gradle\caches\modules-2\files-2.1\org.jboss.logging\jboss-logging\3.3.2.Final\3789d00e859632e6c6206adc0c71625559e6e3b0\jboss-logging-3.3.2.Final.jar;C:\Users\pnorthcutt\.gradle\caches\modules-2\files-2.1\com.fasterxml\classmate\1.3.4\3d5f48f10bbe4eb7bd862f10c0583be2e0053c6\classmate-1.3.4.jar;C:\Users\pnorthcutt\.gradle\caches\modules-2\files-2.1\org.eclipse.jetty\jetty-continuation\9.4.11.v20180605\31f1e347d013356317164b86bbbc2a6ce5c5e871\jetty-continuation-9.4.11.v20180605.jar;C:\Users\pnorthcutt\.gradle\caches\modules-2\files-2.1\org.eclipse.jetty.websocket\javax-websocket-client-impl\9.4.11.v20180605\ab48d0ce4bd7f6f5fce204167e2a1438e673563e\javax-websocket-client-impl-9.4.11.v20180605.jar;C:\Users\pnorthcutt\.gradle\caches\modules-2\files-2.1\org.eclipse.jetty.websocket\websocket-client\9.4.11.v20180605\22bbc54f86f7b6f56d7edd398ba1cc1e7bafe7ef\websocket-client-9.4.11.v20180605.jar;C:\Users\pnorthcutt\.gradle\caches\modules-2\files-2.1\org.eclipse.jetty\jetty-client\9.4.11.v20180605\be0622ef33de4239d0625c7a39c48a41c45d0675\jetty-client-9.4.11.v20180605.jar;C:\Users\pnorthcutt\.gradle\caches\modules-2\files-2.1\org.eclipse.jetty\jetty-servlet\9.4.11.v20180605\66d31900fcfc70e3666f0b3335b6660635154f98\jetty-servlet-9.4.11.v20180605.jar;C:\Users\pnorthcutt\.gradle\caches\modules-2\files-2.1\org.eclipse.jetty\jetty-security\9.4.11.v20180605\926def86d31ee07ca4b4658833dc6ee6918b8e86\jetty-security-9.4.11.v20180605.jar;C:\Users\pnorthcutt\.gradle\caches\modules-2\files-2.1\org.eclipse.jetty\jetty-server\9.4.11.v20180605\58353c2f27515b007fc83ae22002feb34fc24714\jetty-server-9.4.11.v20180605.jar;C:\Users\pnorthcutt\.gradle\caches\modules-2\files-2.1\org.eclipse.jetty\jetty-http\9.4.11.v20180605\20c35f5336befe35b0bd5c4a63e07170fe7872d7\jetty-http-9.4.11.v20180605.jar;C:\Users\pnorthcutt\.gradle\caches\modules-2\files-2.1\org.eclipse.jetty.websocket\websocket-common\9.4.11.v20180605\a2b63b34284eaf113026bddf712c9bd7708e4864\websocket-common-9.4.11.v20180605.jar;C:\Users\pnorthcutt\.gradle\caches\modules-2\files-2.1\org.eclipse.jetty\jetty-io\9.4.11.v20180605\d164de1dac18c4ca80a1b783d879c97449909c3b\jetty-io-9.4.11.v20180605.jar;C:\Users\pnorthcutt\.gradle\caches\modules-2\files-2.1\org.eclipse.jetty\jetty-xml\9.4.11.v20180605\883cbf629ec797bd9d8833376a0feec461628f4f\jetty-xml-9.4.11.v20180605.jar;C:\Users\pnorthcutt\.gradle\caches\modules-2\files-2.1\org.eclipse.jetty\jetty-util\9.4.11.v20180605\f0f25aa2f27d618a04bc7356fa247ae4a05245b3\jetty-util-9.4.11.v20180605.jar;C:\Users\pnorthcutt\.gradle\caches\modules-2\files-2.1\org.eclipse.jetty.websocket\websocket-servlet\9.4.11.v20180605\ba53ba5f749d22ddb87331161c214a21b8aa6c8\websocket-servlet-9.4.11.v20180605.jar;C:\Users\pnorthcutt\.gradle\caches\modules-2\files-2.1\javax.websocket\javax.websocket-api\1.0\fc843b649d4a1dcb0497669d262befa3918c7ba8\javax.websocket-api-1.0.jar;C:\Users\pnorthcutt\.gradle\caches\modules-2\files-2.1\org.springframework\spring-jcl\5.0.7.RELEASE\699016ddf454c2c167d9f84ae5777eccadf54728\spring-jcl-5.0.7.RELEASE.jar;C:\Users\pnorthcutt\.gradle\caches\modules-2\files-2.1\net.minidev\json-smart\2.3\7396407491352ce4fa30de92efb158adb76b5b\json-smart-2.3.jar;C:\Users\pnorthcutt\.gradle\caches\modules-2\files-2.1\net.bytebuddy\byte-buddy\1.7.11\f02857a4e2c66ccbe7aaad6100a0a6c461bce9b3\byte-buddy-1.7.11.jar;C:\Users\pnorthcutt\.gradle\caches\modules-2\files-2.1\net.bytebuddy\byte-buddy-agent\1.7.11\b425a8933ca07edd03c6dbc8bc3b595fba9780de\byte-buddy-agent-1.7.11.jar;C:\Users\pnorthcutt\.gradle\caches\modules-2\files-2.1\org.objenesis\objenesis\2.6\639033469776fd37c08358c6b92a4761feb2af4b\objenesis-2.6.jar;C:\Users\pnorthcutt\.gradle\caches\modules-2\files-2.1\com.vaadin.external.google\android-json\0.0.20131108.vaadin1\fa26d351fe62a6a17f5cda1287c1c6110dec413f\android-json-0.0.20131108.vaadin1.jar;C:\Users\pnorthcutt\.gradle\caches\modules-2\files-2.1\com.fasterxml.jackson.core\jackson-annotations\2.9.0\7c10d545325e3a6e72e06381afe469fd40eb701\jackson-annotations-2.9.0.jar;C:\Users\pnorthcutt\.gradle\caches\modules-2\files-2.1\com.fasterxml.jackson.core\jackson-core\2.9.6\4e393793c37c77e042ccc7be5a914ae39251b365\jackson-core-2.9.6.jar;C:\Users\pnorthcutt\.gradle\caches\modules-2\files-2.1\org.eclipse.jetty.websocket\websocket-api\9.4.11.v20180605\8e993b4ade68d967e51ba3e2a8d18e4f96154ad7\websocket-api-9.4.11.v20180605.jar;C:\Users\pnorthcutt\.gradle\caches\modules-2\files-2.1\javax.servlet\javax.servlet-api\3.1.0\3cd63d075497751784b2fa84be59432f4905bf7c\javax.servlet-api-3.1.0.jar;C:\Users\pnorthcutt\.gradle\caches\modules-2\files-2.1\org.ow2.asm\asm-commons\6.2\f0df1c69e34a0463679d7c8db36ddb4312836e76\asm-commons-6.2.jar;C:\Users\pnorthcutt\.gradle\caches\modules-2\files-2.1\net.minidev\accessors-smart\1.2\c592b500269bfde36096641b01238a8350f8aa31\accessors-smart-1.2.jar;C:\Users\pnorthcutt\.gradle\caches\modules-2\files-2.1\org.ow2.asm\asm-analysis\6.2\c7d9a90d221cbb977848d2c777eb3aa7637e89df\asm-analysis-6.2.jar;C:\Users\pnorthcutt\.gradle\caches\modules-2\files-2.1\org.ow2.asm\asm-tree\6.2\61570e046111559f38d4e0e580c005f75988c0a6\asm-tree-6.2.jar;C:\Users\pnorthcutt\.gradle\caches\modules-2\files-2.1\org.ow2.asm\asm\6.2\1b6c4ff09ce03f3052429139c2a68e295cae6604\asm-6.2.jar;C:\Users\pnorthcutt\.gradle\caches\modules-2\files-2.1\ch.qos.logback\logback-core\1.2.3\864344400c3d4d92dfeb0a305dc87d953677c03c\logback-core-1.2.3.jar;C:\Users\pnorthcutt\.gradle\caches\modules-2\files-2.1\org.apache.logging.log4j\log4j-api\2.10.0\fec5797a55b786184a537abd39c3fa1449d752d6\log4j-api-2.10.0.jar, user.name=pnorthcutt, java.vm.specification.version=1.8, sun.java.command=worker.org.gradle.process.internal.worker.GradleWorkerMain 'Gradle Test Executor 1', java.home=C:\Program Files\Java\jdk1.8.0_65\jre, sun.arch.data.model=64, user.language=en, java.specification.vendor=Oracle Corporation, awt.toolkit=sun.awt.windows.WToolkit, java.vm.info=mixed mode, java.version=1.8.0_65, java.ext.dirs=C:\Program Files\Java\jdk1.8.0_65\jre\lib\ext;C:\WINDOWS\Sun\Java\lib\ext, sun.boot.class.path=C:\Program Files\Java\jdk1.8.0_65\jre\lib\resources.jar;C:\Program Files\Java\jdk1.8.0_65\jre\lib\rt.jar;C:\Program Files\Java\jdk1.8.0_65\jre\lib\sunrsasign.jar;C:\Program Files\Java\jdk1.8.0_65\jre\lib\jsse.jar;C:\Program Files\Java\jdk1.8.0_65\jre\lib\jce.jar;C:\Program Files\Java\jdk1.8.0_65\jre\lib\charsets.jar;C:\Program Files\Java\jdk1.8.0_65\jre\lib\jfr.jar;C:\Program Files\Java\jdk1.8.0_65\jre\classes, java.vendor=Oracle Corporation, org.gradle.test.worker=1, file.separator=\, java.vendor.url.bug=http://bugreport.sun.com/bugreport/, sun.io.unicode.encoding=UnicodeLittle, sun.cpu.endian=little, sun.desktop=windows, sun.cpu.isalist=amd64}}, SystemEnvironmentPropertySource@1724000311 {name='systemEnvironment', properties={USERDOMAIN_ROAMINGPROFILE=SUPRTEK-0013, LOCALAPPDATA=C:\Users\pnorthcutt\AppData\Local, PROCESSOR_LEVEL=6, FP_NO_HOST_CHECK=NO, USERDOMAIN=SUPRTEK-0013, FPS_BROWSER_APP_PROFILE_STRING=Internet Explorer, LOGONSERVER=\\SUPRTEK-0013, JAVA_HOME=C:\Program Files\Java\jdk1.8.0_65, SESSIONNAME=Console, ALLUSERSPROFILE=C:\ProgramData, PROCESSOR_ARCHITECTURE=AMD64, GRADLE_HOME=C:\gradle-4.9, PSModulePath=C:\WINDOWS\system32\WindowsPowerShell\v1.0\Modules\, SystemDrive=C:, MAVEN_HOME=C:\Maven\apache-maven-3.3.9-bin\apache-maven-3.3.9, OneDrive=C:\Users\pnorthcutt\OneDrive - SuprTEK, APPDATA=C:\Users\pnorthcutt\AppData\Roaming, USERNAME=pnorthcutt, ProgramFiles(x86)=C:\Program Files (x86), CommonProgramFiles=C:\Program Files\Common Files, Path=C:\Program Files\Docker\Docker\Resources\bin;C:\WINDOWS\system32;C:\WINDOWS;C:\WINDOWS\System32\Wbem;C:\WINDOWS\System32\WindowsPowerShell\v1.0\;C:\Ruby22-x64/bin;C:\Program Files\Java\jdk1.8.0_65\bin;C:\tomcat\apache-tomcat-9.0.0.M1\bin;C:\Maven\apache-maven-3.3.9-bin\apache-maven-3.3.9\bin;C:\gradle-4.9\bin;C:\Jetty\jetty-9.3.2.v20150730\jetty-util\src\main\java\org\eclipse\jetty\util\security;C:\Program Files\Symantec.cloud\PlatformAgent\;C:\WINDOWS\System32\OpenSSH\;C:\Program Files (x86)\nodejs\;C:\Program Files\MongoDB\Server\4.0\bin;C:\Users\pnorthcutt\AppData\Local\Microsoft\WindowsApps;C:\Users\pnorthcutt\AppData\Roaming\npm;C:\Users\pnorthcutt\AppData\Local\atom\bin, FPS_BROWSER_USER_PROFILE_STRING=Default, RUBY_HOME=C:\Ruby22-x64, PATHEXT=.COM;.EXE;.BAT;.CMD;.VBS;.VBE;.JS;.JSE;.WSF;.WSH;.MSC, DriverData=C:\Windows\System32\Drivers\DriverData, OS=Windows_NT, COMPUTERNAME=SUPRTEK-0013, CATALINA_HOME=C:\tomcat\apache-tomcat-9.0.0.M1, PROCESSOR_REVISION=4501, CommonProgramW6432=C:\Program Files\Common Files, ComSpec=C:\WINDOWS\system32\cmd.exe, ProgramData=C:\ProgramData, ProgramW6432=C:\Program Files, JETTY_PWD=C:\Jetty\jetty-9.3.2.v20150730\jetty-util\src\main\java\org\eclipse\jetty\util\security, HOMEPATH=\Users\pnorthcutt, SystemRoot=C:\WINDOWS, TEMP=C:\Users\PNORTH~1\AppData\Local\Temp, HOMEDRIVE=C:, PROCESSOR_IDENTIFIER=Intel64 Family 6 Model 69 Stepping 1, GenuineIntel, USERPROFILE=C:\Users\pnorthcutt, TMP=C:\Users\PNORTH~1\AppData\Local\Temp, CommonProgramFiles(x86)=C:\Program Files (x86)\Common Files, ProgramFiles=C:\Program Files, PUBLIC=C:\Users\Public, NUMBER_OF_PROCESSORS=4, windir=C:\WINDOWS, MONGO_HOME=C:\Program Files\MongoDB\Server\4.0\bin, =::=::\}}]
06:52:00.828 [Test worker] DEBUG org.springframework.test.context.support.TestPropertySourceUtils - Adding inlined properties to environment: {spring.jmx.enabled=false, org.springframework.boot.test.context.SpringBootTestContextBootstrapper=true, server.port=-1}
06:52:00.829 [Test worker] DEBUG org.springframework.core.env.StandardEnvironment - Adding PropertySource 'Inlined Test Properties' with highest search precedence

  .   ____          _            __ _ _
 /\\ / ___'_ __ _ _(_)_ __  __ _ \ \ \ \
( ( )\___ | '_ | '_| | '_ \/ _` | \ \ \ \
 \\/  ___)| |_)| | | | | || (_| |  ) ) ) )
  '  |____| .__|_| |_|_| |_\__, | / / / /
 =========|_|==============|___/=/_/_/_/
 :: Spring Boot ::        (v2.0.3.RELEASE)

2018-07-30 06:52:01.350  INFO 2132 --- [    Test worker] c.s.r.RegressionTrackerControllerTest    : Starting RegressionTrackerControllerTest on SUPRTEK-0013 with PID 2132 (started by pnorthcutt in C:\Users\pnorthcutt\development\MicroService\RegressionTracker)
2018-07-30 06:52:01.354  INFO 2132 --- [    Test worker] c.s.r.RegressionTrackerControllerTest    : No active profile set, falling back to default profiles: default
2018-07-30 06:52:01.489  INFO 2132 --- [    Test worker] o.s.w.c.s.GenericWebApplicationContext   : Refreshing org.springframework.web.context.support.GenericWebApplicationContext@2afaac36: startup date [Mon Jul 30 06:52:01 CDT 2018]; root of context hierarchy
2018-07-30 06:52:04.151  INFO 2132 --- [    Test worker] o.s.w.s.handler.SimpleUrlHandlerMapping  : Mapped URL path [/**/favicon.ico] onto handler of type [class org.springframework.web.servlet.resource.ResourceHttpRequestHandler]
2018-07-30 06:52:04.741  INFO 2132 --- [    Test worker] s.w.s.m.m.a.RequestMappingHandlerAdapter : Looking for @ControllerAdvice: org.springframework.web.context.support.GenericWebApplicationContext@2afaac36: startup date [Mon Jul 30 06:52:01 CDT 2018]; root of context hierarchy
2018-07-30 06:52:04.900  INFO 2132 --- [    Test worker] s.w.s.m.m.a.RequestMappingHandlerMapping : Mapped "{[/regression/{id}/{id}],methods=[POST]}" onto public java.lang.String com.suprtek.regressiontracker.RegressionTrackerController.add(com.suprtek.regressiontracker.dataobjects.Regression)
2018-07-30 06:52:04.904  INFO 2132 --- [    Test worker] s.w.s.m.m.a.RequestMappingHandlerMapping : Mapped "{[/regression/{id}/delete/{id}],methods=[GET]}" onto public java.lang.String com.suprtek.regressiontracker.RegressionTrackerController.delete(int)
2018-07-30 06:52:04.907  INFO 2132 --- [    Test worker] s.w.s.m.m.a.RequestMappingHandlerMapping : Mapped "{[/regression/{id}],methods=[GET]}" onto public java.util.Collection<com.suprtek.regressiontracker.dataobjects.Regression> com.suprtek.regressiontracker.RegressionTrackerController.getAll()
2018-07-30 06:52:04.908  INFO 2132 --- [    Test worker] s.w.s.m.m.a.RequestMappingHandlerMapping : Mapped "{[/regression/{id}/{id}],methods=[GET]}" onto public com.suprtek.regressiontracker.dataobjects.Regression com.suprtek.regressiontracker.RegressionTrackerController.getByID(int)
2018-07-30 06:52:04.912  INFO 2132 --- [    Test worker] s.w.s.m.m.a.RequestMappingHandlerMapping : Mapped "{[/regression/{id}/modify/{id}],methods=[POST]}" onto public java.lang.String com.suprtek.regressiontracker.RegressionTrackerController.modify(java.lang.String,com.suprtek.regressiontracker.dataobjects.Regression)
2018-07-30 06:52:04.917  INFO 2132 --- [    Test worker] s.w.s.m.m.a.RequestMappingHandlerMapping : Mapped "{[/error]}" onto public org.springframework.http.ResponseEntity<java.util.Map<java.lang.String, java.lang.Object>> org.springframework.boot.autoconfigure.web.servlet.error.BasicErrorController.error(javax.servlet.http.HttpServletRequest)
2018-07-30 06:52:04.919  INFO 2132 --- [    Test worker] s.w.s.m.m.a.RequestMappingHandlerMapping : Mapped "{[/error],produces=[text/html]}" onto public org.springframework.web.servlet.ModelAndView org.springframework.boot.autoconfigure.web.servlet.error.BasicErrorController.errorHtml(javax.servlet.http.HttpServletRequest,javax.servlet.http.HttpServletResponse)
2018-07-30 06:52:04.981  INFO 2132 --- [    Test worker] o.s.w.s.handler.SimpleUrlHandlerMapping  : Mapped URL path [/webjars/**] onto handler of type [class org.springframework.web.servlet.resource.ResourceHttpRequestHandler]
2018-07-30 06:52:04.982  INFO 2132 --- [    Test worker] o.s.w.s.handler.SimpleUrlHandlerMapping  : Mapped URL path [/**] onto handler of type [class org.springframework.web.servlet.resource.ResourceHttpRequestHandler]
2018-07-30 06:52:06.124  INFO 2132 --- [    Test worker] org.mongodb.driver.cluster               : Cluster created with settings {hosts=[localhost:27017], mode=SINGLE, requiredClusterType=UNKNOWN, serverSelectionTimeout='30000 ms', maxWaitQueueSize=500}
2018-07-30 06:52:06.623  INFO 2132 --- [localhost:27017] org.mongodb.driver.connection            : Opened connection [connectionId{localValue:1, serverValue:1}] to localhost:27017
2018-07-30 06:52:06.632  INFO 2132 --- [localhost:27017] org.mongodb.driver.cluster               : Monitor thread successfully connected to server with description ServerDescription{address=localhost:27017, type=STANDALONE, state=CONNECTED, ok=true, version=ServerVersion{versionList=[4, 0, 0]}, minWireVersion=0, maxWireVersion=7, maxDocumentSize=16777216, logicalSessionTimeoutMinutes=30, roundTripTimeNanos=5667800}
2018-07-30 06:52:06.881  INFO 2132 --- [    Test worker] c.s.r.RegressionTrackerControllerTest    : Started RegressionTrackerControllerTest in 6.037 seconds (JVM running for 7.689)
2018-07-30 06:52:07.320  INFO 2132 --- [    Test worker] o.s.b.t.m.w.SpringBootMockServletContext : Initializing Spring FrameworkServlet ''
2018-07-30 06:52:07.321  INFO 2132 --- [    Test worker] o.s.t.web.servlet.TestDispatcherServlet  : FrameworkServlet '': initialization started
2018-07-30 06:52:07.355  INFO 2132 --- [    Test worker] o.s.t.web.servlet.TestDispatcherServlet  : FrameworkServlet '': initialization completed in 34 ms
2018-07-30 06:52:07.665  INFO 2132 --- [    Test worker] o.s.b.t.m.w.SpringBootMockServletContext : Initializing Spring FrameworkServlet ''
2018-07-30 06:52:07.666  INFO 2132 --- [    Test worker] o.s.t.web.servlet.TestDispatcherServlet  : FrameworkServlet '': initialization started
2018-07-30 06:52:07.670  INFO 2132 --- [    Test worker] o.s.t.web.servlet.TestDispatcherServlet  : FrameworkServlet '': initialization completed in 4 ms
2018-07-30 06:52:07.695  INFO 2132 --- [    Test worker] o.s.b.t.m.w.SpringBootMockServletContext : Initializing Spring FrameworkServlet ''
2018-07-30 06:52:07.695  INFO 2132 --- [    Test worker] o.s.t.web.servlet.TestDispatcherServlet  : FrameworkServlet '': initialization started
2018-07-30 06:52:07.701  INFO 2132 --- [    Test worker] o.s.t.web.servlet.TestDispatcherServlet  : FrameworkServlet '': initialization completed in 5 ms
2018-07-30 06:52:07.726  INFO 2132 --- [    Test worker] o.s.b.t.m.w.SpringBootMockServletContext : Initializing Spring FrameworkServlet ''
2018-07-30 06:52:07.729  INFO 2132 --- [    Test worker] o.s.t.web.servlet.TestDispatcherServlet  : FrameworkServlet '': initialization started
2018-07-30 06:52:07.738  INFO 2132 --- [    Test worker] o.s.t.web.servlet.TestDispatcherServlet  : FrameworkServlet '': initialization completed in 8 ms
2018-07-30 06:52:07.818  INFO 2132 --- [    Test worker] o.s.b.t.m.w.SpringBootMockServletContext : Initializing Spring FrameworkServlet ''
2018-07-30 06:52:07.818  INFO 2132 --- [    Test worker] o.s.t.web.servlet.TestDispatcherServlet  : FrameworkServlet '': initialization started
2018-07-30 06:52:07.823  INFO 2132 --- [    Test worker] o.s.t.web.servlet.TestDispatcherServlet  : FrameworkServlet '': initialization completed in 3 ms
]]></system-out>
  <system-err><![CDATA[]]></system-err>
</testsuite>
